Arguments: 
  C:\Program Files\nodejs\node.exe C:\Users\bomul\AppData\Roaming\npm\node_modules\yarn\bin\yarn.js add socket.io

PATH: 
  C:\Program Files (x86)\NAT Service;C:\WINDOWS\system32;C:\WINDOWS;C:\WINDOWS\System32\Wbem;C:\WINDOWS\System32\WindowsPowerShell\v1.0\;C:\WINDOWS\System32\OpenSSH\;C:\Users\bomul\AppData\Roaming\nvm;C:\Program Files\nodejs;C:\Program Files\Git\cmd;C:\Program Files\nodejs\;C:\Users\bomul\AppData\Local\Microsoft\WindowsApps;C:\Users\bomul\AppData\Local\Programs\Microsoft VS Code\bin;C:\Users\bomul\AppData\Roaming\nvm;C:\Program Files\nodejs;C:\Users\bomul\AppData\Roaming\npm

Yarn version: 
  1.22.18

Node version: 
  16.14.2

Platform: 
  win32 x64

Trace: 
  Error: EPERM: operation not permitted, unlink 'C:\Users\bomul\OneDrive\바탕 화면\TEAM5\dongjeon\server\node_modules\bcrypt\lib\binding\napi-v3\bcrypt_lib.node'

npm manifest: 
  {
    "dependencies": {
      "bcrypt": "^5.0.1",
      "cookie-parser": "^1.4.6",
      "dotenv": "^16.0.0",
      "ejs": "^3.1.7",
      "express": "^4.18.0",
      "jsonwebtoken": "^8.5.1",
      "mongoose": "^6.3.1",
      "mongoose-unique-validator": "^3.0.0",
      "multer": "^1.4.4",
      "nodemon": "^2.0.15",
      "yarn": "^1.22.18"
    },
    "name": "server",
    "version": "1.0.0",
    "main": "index.js",
    "scripts": {
      "test": "echo \"Error: no test specified\" && exit 1",
      "backend": "nodemon index.js"
    },
    "author": "hyun",
    "license": "ISC",
    "description": ""
  }

yarn manifest: 
  No manifest

Lockfile: 
  No lockfile
